# JRE version: OpenJDK Runtime Environment (17.0.6) (build 17.0.6+0-b2043.56-9586694)
# Java VM: OpenJDK 64-Bit Server VM (17.0.6+0-b2043.56-9586694, mixed mode, tiered, compressed oops, compressed class ptrs, g1 gc, windows-amd64)
GC Precious Log:
 CPUs: 8 total, 8 available
 Memory: 8040M
 Large Page Support: Disabled
 NUMA Support: Disabled
 Compressed Oops: Enabled (32-bit)
 Heap Region Size: 1M
 Heap Min Capacity: 8M
 Heap Initial Capacity: 126M
 Heap Max Capacity: 2G
 Pre-touch: Disabled
 Parallel Workers: 8
 Concurrent Workers: 2
 Concurrent Refinement Workers: 8
 Periodic GC: Disabled
Heap:
 garbage-first heap   total 236544K, used 174550K [0x0000000080000000, 0x0000000100000000)
  region size 1024K, 89 young (91136K), 8 survivors (8192K)
 Metaspace       used 97588K, committed 98304K, reserved 1138688K
  class space    used 12775K, committed 13120K, reserved 1048576K
GC Heap History (20 events):
Event: 32.838 GC heap after
{Heap after GC invocations=32 (full 0):
 garbage-first heap   total 109568K, used 65214K [0x0000000080000000, 0x0000000100000000)
  region size 1024K, 1 young (1024K), 1 survivors (1024K)
 Metaspace       used 62036K, committed 62528K, reserved 1105920K
  class space    used 8136K, committed 8384K, reserved 1048576K
}
Event: 33.822 GC heap before
{Heap before GC invocations=33 (full 0):
 garbage-first heap   total 112640K, used 80574K [0x0000000080000000, 0x0000000100000000)
  region size 1024K, 16 young (16384K), 1 survivors (1024K)
 Metaspace       used 64464K, committed 65024K, reserved 1105920K
  class space    used 8430K, committed 8704K, reserved 1048576K
}
Event: 33.828 GC heap after
{Heap after GC invocations=34 (full 0):
 garbage-first heap   total 112640K, used 65733K [0x0000000080000000, 0x0000000100000000)
  region size 1024K, 2 young (2048K), 2 survivors (2048K)
 Metaspace       used 64464K, committed 65024K, reserved 1105920K
  class space    used 8430K, committed 8704K, reserved 1048576K
}
Event: 33.997 GC heap before
{Heap before GC invocations=34 (full 0):
 garbage-first heap   total 112640K, used 68805K [0x0000000080000000, 0x0000000100000000)
  region size 1024K, 5 young (5120K), 2 survivors (2048K)
 Metaspace       used 65267K, committed 65728K, reserved 1114112K
  class space    used 8510K, committed 8704K, reserved 1048576K
}
Event: 34.001 GC heap after
{Heap after GC invocations=35 (full 0):
 garbage-first heap   total 112640K, used 65799K [0x0000000080000000, 0x0000000100000000)
  region size 1024K, 1 young (1024K), 1 survivors (1024K)
 Metaspace       used 65267K, committed 65728K, reserved 1114112K
  class space    used 8510K, committed 8704K, reserved 1048576K
}
Event: 35.625 GC heap before
{Heap before GC invocations=35 (full 0):
 garbage-first heap   total 112640K, used 83207K [0x0000000080000000, 0x0000000100000000)
  region size 1024K, 18 young (18432K), 1 survivors (1024K)
 Metaspace       used 68232K, committed 68800K, reserved 1114112K
  class space    used 8891K, committed 9152K, reserved 1048576K
}
Event: 35.629 GC heap after
{Heap after GC invocations=36 (full 0):
 garbage-first heap   total 112640K, used 66666K [0x0000000080000000, 0x0000000100000000)
  region size 1024K, 2 young (2048K), 2 survivors (2048K)
 Metaspace       used 68232K, committed 68800K, reserved 1114112K
  class space    used 8891K, committed 9152K, reserved 1048576K
}
Event: 36.131 GC heap before
{Heap before GC invocations=37 (full 0):
 garbage-first heap   total 116736K, used 89194K [0x0000000080000000, 0x0000000100000000)
  region size 1024K, 20 young (20480K), 2 survivors (2048K)
 Metaspace       used 69735K, committed 70272K, reserved 1114112K
  class space    used 9108K, committed 9344K, reserved 1048576K
}
Event: 36.138 GC heap after
{Heap after GC invocations=38 (full 0):
 garbage-first heap   total 116736K, used 73737K [0x0000000080000000, 0x0000000100000000)
  region size 1024K, 3 young (3072K), 3 survivors (3072K)
 Metaspace       used 69735K, committed 70272K, reserved 1114112K
  class space    used 9108K, committed 9344K, reserved 1048576K
}
Event: 36.145 GC heap before
{Heap before GC invocations=38 (full 0):
 garbage-first heap   total 116736K, used 75785K [0x0000000080000000, 0x0000000100000000)
  region size 1024K, 5 young (5120K), 3 survivors (3072K)
 Metaspace       used 69735K, committed 70272K, reserved 1114112K
  class space    used 9108K, committed 9344K, reserved 1048576K
}
Event: 36.151 GC heap after
{Heap after GC invocations=39 (full 0):
 garbage-first heap   total 116736K, used 74603K [0x0000000080000000, 0x0000000100000000)
  region size 1024K, 1 young (1024K), 1 survivors (1024K)
 Metaspace       used 69735K, committed 70272K, reserved 1114112K
  class space    used 9108K, committed 9344K, reserved 1048576K
}
Event: 36.195 GC heap before
{Heap before GC invocations=39 (full 0):
 garbage-first heap   total 116736K, used 75627K [0x0000000080000000, 0x0000000100000000)
  region size 1024K, 3 young (3072K), 1 survivors (1024K)
 Metaspace       used 69737K, committed 70272K, reserved 1114112K
  class space    used 9108K, committed 9344K, reserved 1048576K
}
Event: 36.200 GC heap after
{Heap after GC invocations=40 (full 0):
 garbage-first heap   total 236544K, used 75544K [0x0000000080000000, 0x0000000100000000)
  region size 1024K, 2 young (2048K), 2 survivors (2048K)
 Metaspace       used 69737K, committed 70272K, reserved 1114112K
  class space    used 9108K, committed 9344K, reserved 1048576K
}
Event: 38.120 GC heap before
{Heap before GC invocations=40 (full 0):
 garbage-first heap   total 236544K, used 141080K [0x0000000080000000, 0x0000000100000000)
  region size 1024K, 63 young (64512K), 2 survivors (2048K)
 Metaspace       used 75916K, committed 76480K, reserved 1122304K
  class space    used 9914K, committed 10176K, reserved 1048576K
}
Event: 38.128 GC heap after
{Heap after GC invocations=41 (full 0):
 garbage-first heap   total 236544K, used 79933K [0x0000000080000000, 0x0000000100000000)
  region size 1024K, 6 young (6144K), 6 survivors (6144K)
 Metaspace       used 75916K, committed 76480K, reserved 1122304K
  class space    used 9914K, committed 10176K, reserved 1048576K
}
Event: 39.347 GC heap before
{Heap before GC invocations=41 (full 0):
 garbage-first heap   total 236544K, used 155709K [0x0000000080000000, 0x0000000100000000)
  region size 1024K, 80 young (81920K), 6 survivors (6144K)
 Metaspace       used 80306K, committed 80832K, reserved 1122304K
  class space    used 10520K, committed 10752K, reserved 1048576K
}
Event: 39.358 GC heap after
{Heap after GC invocations=42 (full 0):
 garbage-first heap   total 236544K, used 85977K [0x0000000080000000, 0x0000000100000000)
  region size 1024K, 10 young (10240K), 10 survivors (10240K)
 Metaspace       used 80306K, committed 80832K, reserved 1122304K
  class space    used 10520K, committed 10752K, reserved 1048576K
}
Event: 41.532 GC heap before
{Heap before GC invocations=42 (full 0):
 garbage-first heap   total 236544K, used 169945K [0x0000000080000000, 0x0000000100000000)
  region size 1024K, 92 young (94208K), 10 survivors (10240K)
 Metaspace       used 90653K, committed 91200K, reserved 1130496K
  class space    used 12174K, committed 12416K, reserved 1048576K
}
Event: 41.555 GC heap after
{Heap after GC invocations=43 (full 0):
 garbage-first heap   total 236544K, used 91606K [0x0000000080000000, 0x0000000100000000)
  region size 1024K, 12 young (12288K), 12 survivors (12288K)
 Metaspace       used 90653K, committed 91200K, reserved 1130496K
  class space    used 12174K, committed 12416K, reserved 1048576K
}
Event: 560.263 GC heap before
{Heap before GC invocations=43 (full 0):
 garbage-first heap   total 236544K, used 173526K [0x0000000080000000, 0x0000000100000000)
  region size 1024K, 93 young (95232K), 12 survivors (12288K)
 Metaspace       used 97588K, committed 98304K, reserved 1138688K
  class space    used 12775K, committed 13120K, reserved 1048576K
}

